\BOOKMARK [0][-]{section*.1}{\376\377\000D\000e\000c\000l\000a\000r\000a\000t\000i\000o\000n\000\040\000o\000f\000\040\000A\000u\000t\000h\000o\000r\000s\000h\000i\000p}{}% 1
\BOOKMARK [0][-]{section*.2}{\376\377\000A\000b\000s\000t\000r\000a\000c\000t}{}% 2
\BOOKMARK [0][-]{section*.3}{\376\377\000A\000c\000k\000n\000o\000w\000l\000e\000d\000g\000e\000m\000e\000n\000t\000s}{}% 3
\BOOKMARK [0][-]{chapter.9}{\376\377\000I\000n\000t\000r\000o\000d\000u\000c\000t\000i\000o\000n}{}% 4
\BOOKMARK [1][-]{section.10}{\376\377\000K\000e\000y\000w\000o\000r\000d\000s}{chapter.9}% 5
\BOOKMARK [1][-]{section.11}{\376\377\000A\000b\000s\000t\000r\000a\000c\000t}{chapter.9}% 6
\BOOKMARK [1][-]{section.12}{\376\377\000R\000e\000s\000e\000a\000r\000c\000h\000\040\000a\000r\000e\000a\000\040\000a\000n\000d\000\040\000q\000u\000e\000s\000t\000i\000o\000n\000s}{chapter.9}% 7
\BOOKMARK [1][-]{section.13}{\376\377\000A\000p\000p\000r\000o\000a\000c\000h}{chapter.9}% 8
\BOOKMARK [1][-]{section.14}{\376\377\000L\000i\000s\000t\000\040\000o\000f\000\040\000i\000m\000p\000o\000r\000t\000a\000n\000t\000\040\000t\000e\000r\000m\000s}{chapter.9}% 9
\BOOKMARK [1][-]{section.15}{\376\377\000T\000h\000e\000s\000i\000s\000\040\000F\000e\000a\000t\000u\000r\000e\000s\000\040\000a\000n\000d\000\040\000C\000o\000n\000v\000e\000n\000t\000i\000o\000n\000s}{chapter.9}% 10
\BOOKMARK [2][-]{subsection.16}{\376\377\000P\000r\000i\000n\000t\000i\000n\000g\000\040\000F\000o\000r\000m\000a\000t}{section.15}% 11
\BOOKMARK [2][-]{subsection.17}{\376\377\000T\000a\000b\000l\000e\000s}{section.15}% 12
\BOOKMARK [2][-]{subsection.19}{\376\377\000F\000i\000g\000u\000r\000e\000s}{section.15}% 13
\BOOKMARK [2][-]{subsection.21}{\376\377\000T\000y\000p\000e\000s\000e\000t\000t\000i\000n\000g\000\040\000m\000a\000t\000h\000e\000m\000a\000t\000i\000c\000s}{section.15}% 14
\BOOKMARK [1][-]{section.23}{\376\377\000S\000e\000c\000t\000i\000o\000n\000i\000n\000g\000\040\000a\000n\000d\000\040\000S\000u\000b\000s\000e\000c\000t\000i\000o\000n\000i\000n\000g}{chapter.9}% 15
\BOOKMARK [1][-]{section.24}{\376\377\000I\000n\000\040\000C\000l\000o\000s\000i\000n\000g}{chapter.9}% 16
\BOOKMARK [0][-]{chapter.25}{\376\377\000B\000a\000c\000k\000g\000r\000o\000u\000n\000d}{}% 17
\BOOKMARK [1][-]{section.26}{\376\377\000M\000i\000c\000r\000o\000s\000e\000r\000v\000i\000c\000e\000s}{chapter.25}% 18
\BOOKMARK [2][-]{subsection.27}{\376\377\000T\000h\000e\000\040\000m\000o\000n\000o\000l\000i\000t\000h}{section.26}% 19
\BOOKMARK [2][-]{subsection.28}{\376\377\000T\000h\000e\000\040\000p\000r\000o\000b\000l\000e\000m\000s\000\040\000w\000i\000t\000h\000\040\000m\000o\000n\000o\000l\000i\000t\000h\000i\000c\000\040\000s\000o\000f\000t\000w\000a\000r\000e}{section.26}% 20
\BOOKMARK [0][-]{chapter.29}{\376\377\000M\000e\000t\000h\000o\000d\000o\000l\000o\000g\000y}{}% 21
\BOOKMARK [1][-]{section.30}{\376\377\000B\000a\000c\000k\000g\000r\000o\000u\000n\000d}{chapter.29}% 22
\BOOKMARK [1][-]{section.31}{\376\377\000S\000y\000s\000t\000e\000m\000\040\000s\000e\000l\000e\000c\000t\000i\000o\000n\000\040\000a\000n\000d\000\040\000c\000r\000e\000a\000t\000i\000o\000n}{chapter.29}% 23
\BOOKMARK [2][-]{subsection.32}{\376\377\000C\000l\000o\000u\000d\000\040\000s\000o\000l\000u\000t\000i\000o\000n\000s}{section.31}% 24
\BOOKMARK [2][-]{subsection.34}{\376\377\000L\000o\000c\000a\000l\000\040\000m\000a\000c\000h\000i\000n\000e}{section.31}% 25
\BOOKMARK [0][-]{chapter.35}{\376\377\000D\000a\000t\000a\000\040\000p\000r\000o\000c\000e\000s\000s\000i\000n\000g}{}% 26
\BOOKMARK [1][-]{section.36}{\376\377\000I\000m\000p\000u\000t\000a\000t\000i\000o\000n}{chapter.35}% 27
\BOOKMARK [2][-]{subsection.37}{\376\377\000B\000a\000c\000k\000g\000r\000o\000u\000n\000d}{section.36}% 28
\BOOKMARK [1][-]{section.38}{\376\377\000S\000e\000r\000i\000e\000s\000\040\000l\000e\000n\000g\000t\000h}{chapter.35}% 29
\BOOKMARK [1][-]{section.39}{\376\377\000F\000e\000a\000t\000u\000r\000e\000\040\000s\000e\000l\000e\000c\000t\000i\000o\000n}{chapter.35}% 30
\BOOKMARK [2][-]{subsection.40}{\376\377\000L\000o\000w\000\040\000v\000a\000r\000i\000a\000n\000c\000e\000\040\000o\000r\000\040\000m\000o\000n\000o\000t\000o\000n\000i\000c\000\040\000f\000e\000a\000t\000u\000r\000e\000s}{section.39}% 31
\BOOKMARK [2][-]{subsection.50}{\376\377\000V\000a\000r\000i\000a\000b\000l\000e\000\040\000v\000s\000\040\000f\000e\000a\000t\000u\000r\000e}{section.39}% 32
\BOOKMARK [0][-]{appendix.51}{\376\377\000F\000r\000e\000q\000u\000e\000n\000t\000l\000y\000\040\000A\000s\000k\000e\000d\000\040\000Q\000u\000e\000s\000t\000i\000o\000n\000s}{}% 33
\BOOKMARK [1][-]{section.52}{\376\377\000H\000o\000w\000\040\000d\000o\000\040\000I\000\040\000c\000h\000a\000n\000g\000e\000\040\000t\000h\000e\000\040\000c\000o\000l\000o\000r\000s\000\040\000o\000f\000\040\000l\000i\000n\000k\000s\000?}{appendix.51}% 34
\BOOKMARK [0][-]{appendix*.53}{\376\377\000B\000i\000b\000l\000i\000o\000g\000r\000a\000p\000h\000y}{}% 35
